-------------------------------------------------------------------------------
Test set: com.sap.cds.archetype.handlers.CatalogServiceHandlerTest
-------------------------------------------------------------------------------
Tests run: 1, Failures: 0, Errors: 1, Skipped: 0, Time elapsed: 0.008 s <<< FAILURE! - in com.sap.cds.archetype.handlers.CatalogServiceHandlerTest
com.sap.cds.archetype.handlers.CatalogServiceHandlerTest  Time elapsed: 0.008 s  <<< ERROR!
java.lang.NoClassDefFoundError: com/sap/cds/archetype/handlers/CatalogServiceHandler
Caused by: java.lang.ClassNotFoundException: com.sap.cds.archetype.handlers.CatalogServiceHandler

