<?xml version="1.0" encoding="UTF-8"?>
<testsuite xmlns:xsi="http://www.w3.org/2001/XMLSchema-instance" xsi:noNamespaceSchemaLocation="https://maven.apache.org/surefire/maven-surefire-plugin/xsd/surefire-test-report-3.0.xsd" version="3.0" name="com.sap.cds.archetype.handlers.CatalogServiceHandlerTest" time="0.008" tests="1" errors="1" skipped="0" failures="0">
  <properties>
[...]
</properties>
  <testcase name="" classname="com.sap.cds.archetype.handlers.CatalogServiceHandlerTest" time="0.008">
    <error type="java.lang.NoClassDefFoundError"><![CDATA[java.lang.NoClassDefFoundError: com/sap/cds/archetype/handlers/CatalogServiceHandler
Caused by: java.lang.ClassNotFoundException: com.sap.cds.archetype.handlers.CatalogServiceHandler
]]></error>
  </testcase>
</testsuite>